# JRE version: Java(TM) SE Runtime Environment (8.0_152-b16) (build 1.8.0_152-b16)
# Java VM: Java HotSpot(TM) 64-Bit Server VM (25.152-b16 mixed mode linux-amd64 compressed oops)
Heap:
 PSYoungGen      total 1117696K, used 2318K [0x0000000580100000, 0x00000005c9800000, 0x0000000800000000)
  eden space 1032192K, 0% used [0x0000000580100000,0x0000000580100000,0x00000005bf100000)
  from space 85504K, 2% used [0x00000005bf100000,0x00000005bf343b80,0x00000005c4480000)
  to   space 85504K, 0% used [0x00000005c4480000,0x00000005c4480000,0x00000005c9800000)
 ParOldGen       total 1375232K, used 24K [0x0000000080200000, 0x00000000d4100000, 0x0000000580100000)
  object space 1375232K, 0% used [0x0000000080200000,0x0000000080206000,0x00000000d4100000)
 Metaspace       used 6840K, capacity 7030K, committed 7296K, reserved 1056768K
  class space    used 765K, capacity 846K, committed 896K, reserved 1048576K
GC Heap History (5 events):
Event: 0.957 GC heap before
{Heap before GC invocations=1 (full 0):
 PSYoungGen      total 601600K, used 516096K [0x0000000580100000, 0x00000005aa000000, 0x0000000800000000)
  eden space 516096K, 100% used [0x0000000580100000,0x000000059f900000,0x000000059f900000)
  from space 85504K, 0% used [0x00000005a4c80000,0x00000005a4c80000,0x00000005aa000000)
  to   space 85504K, 0% used [0x000000059f900000,0x000000059f900000,0x00000005a4c80000)
 ParOldGen       total 1375232K, used 0K [0x0000000080200000, 0x00000000d4100000, 0x0000000580100000)
  object space 1375232K, 0% used [0x0000000080200000,0x0000000080200000,0x00000000d4100000)
 Metaspace       used 6839K, capacity 7030K, committed 7296K, reserved 1056768K
  class space    used 765K, capacity 846K, committed 896K, reserved 1048576K
Event: 0.969 GC heap after
Heap after GC invocations=1 (full 0):
 PSYoungGen      total 601600K, used 1648K [0x0000000580100000, 0x00000005c9800000, 0x0000000800000000)
  eden space 516096K, 0% used [0x0000000580100000,0x0000000580100000,0x000000059f900000)
  from space 85504K, 1% used [0x000000059f900000,0x000000059fa9c250,0x00000005a4c80000)
  to   space 85504K, 0% used [0x00000005c4480000,0x00000005c4480000,0x00000005c9800000)
 ParOldGen       total 1375232K, used 8K [0x0000000080200000, 0x00000000d4100000, 0x0000000580100000)
  object space 1375232K, 0% used [0x0000000080200000,0x0000000080202000,0x00000000d4100000)
 Metaspace       used 6839K, capacity 7030K, committed 7296K, reserved 1056768K
  class space    used 765K, capacity 846K, committed 896K, reserved 1048576K
}
Event: 1.095 GC heap before
{Heap before GC invocations=2 (full 0):
 PSYoungGen      total 601600K, used 517647K [0x0000000580100000, 0x00000005c9800000, 0x0000000800000000)
  eden space 516096K, 99% used [0x0000000580100000,0x000000059f8e7ba8,0x000000059f900000)
  from space 85504K, 1% used [0x000000059f900000,0x000000059fa9c250,0x00000005a4c80000)
  to   space 85504K, 0% used [0x00000005c4480000,0x00000005c4480000,0x00000005c9800000)
 ParOldGen       total 1375232K, used 8K [0x0000000080200000, 0x00000000d4100000, 0x0000000580100000)
  object space 1375232K, 0% used [0x0000000080200000,0x0000000080202000,0x00000000d4100000)
 Metaspace       used 6840K, capacity 7030K, committed 7296K, reserved 1056768K
  class space    used 765K, capacity 846K, committed 896K, reserved 1048576K
Event: 1.102 GC heap after
Heap after GC invocations=2 (full 0):
 PSYoungGen      total 1117696K, used 2051K [0x0000000580100000, 0x00000005c9800000, 0x0000000800000000)
  eden space 1032192K, 0% used [0x0000000580100000,0x0000000580100000,0x00000005bf100000)
  from space 85504K, 2% used [0x00000005c4480000,0x00000005c4680d58,0x00000005c9800000)
  to   space 85504K, 0% used [0x00000005bf100000,0x00000005bf100000,0x00000005c4480000)
 ParOldGen       total 1375232K, used 16K [0x0000000080200000, 0x00000000d4100000, 0x0000000580100000)
  object space 1375232K, 0% used [0x0000000080200000,0x0000000080204000,0x00000000d4100000)
 Metaspace       used 6840K, capacity 7030K, committed 7296K, reserved 1056768K
  class space    used 765K, capacity 846K, committed 896K, reserved 1048576K
}
Event: 4.838 GC heap before
{Heap before GC invocations=3 (full 0):
 PSYoungGen      total 1117696K, used 1034094K [0x0000000580100000, 0x00000005c9800000, 0x0000000800000000)
  eden space 1032192K, 99% used [0x0000000580100000,0x00000005bf0dacd0,0x00000005bf100000)
  from space 85504K, 2% used [0x00000005c4480000,0x00000005c4680d58,0x00000005c9800000)
  to   space 85504K, 0% used [0x00000005bf100000,0x00000005bf100000,0x00000005c4480000)
 ParOldGen       total 1375232K, used 16K [0x0000000080200000, 0x00000000d4100000, 0x0000000580100000)
  object space 1375232K, 0% used [0x0000000080200000,0x0000000080204000,0x00000000d4100000)
 Metaspace       used 6840K, capacity 7030K, committed 7296K, reserved 1056768K
  class space    used 765K, capacity 846K, committed 896K, reserved 1048576K

